================================================================================
31.12.2017 13:05:38 TASK STARTED
LoxBerry Update Check
<INFO> Version of loxberrycheck.pl is 0.3.1.7
<OK> Parameters/settings of this update:
<INFO>    querytype:       latest

<INFO>    cron:            

<INFO>    keepupdatefiles: 
<INFO>    dryrun: 

<INFO>    output: 1
<INFO>    Current LoxBerry version: 0.3.1
<INFO>    Updates limited from : 0.3.0
<INFO>    Updates limited to   : 0.5.0
<INFO> Start checking commits...
<INFO> Checking for commits from https://api.github.com/repos/mschlenstedt/Loxberry/commits
Request: GET https://api.github.com/repos/mschlenstedt/Loxberry/commits?sha=loxberry-0.3.0-saruman
Accept: application/vnd.github.v3+json


<INFO> Requesting commit list from GitHub...
<INFO>    Try 1: Getting commit list... (31.12.2017 13:05:38)
<OK> Commit list fetched.
<INFO> Parsing commit list...
SHA's: commit_sha 9f586da6314797ef738b09a106f13679f07a80ab / latest_sha 0 / commit_new 1
<OK> Latest commit found:
<INFO>    Message     : lighttpd: Custom error pages
<INFO>    Commit by   : mschlenstedt
<INFO>    Commited at : 2017-12-31T11:59:36Z
<INFO>    Commit key  : 9f586da6314797ef738b09a106f13679f07a80ab
<INFO>    Commit is newer than installed
<INFO> JSON: {"published_at":"2017-12-31T11:59:36Z","release_name":"lighttpd: Custom error pages","info":"New commit found","release_version":"9f586da6314797ef738b09a106f13679f07a80ab","release_body":"commited by mschlenstedt","release_new":1}

